<?xml version="1.0" encoding="UTF-8"?>
<!-- Generated by org.testng.reporters.JUnitReportReporter -->
<testsuite hostname="MWDH-Work2" failures="0" tests="1" name="ass1StartswithXPath.ChromWebDriver" time="13.262" errors="0" timestamp="2022-07-27T17:26:18 AST" skipped="0">
  <testcase classname="ass1StartswithXPath.ChromWebDriver" name="LearnEnglishWebSite" time="13.262"/>
  <system-out/>
</testsuite> <!-- ass1StartswithXPath.ChromWebDriver -->
